{
  "RSpec": {
    "coverage": {
      "/Users/student/Documents/Makers/JavaScript/MakersBNB/app.rb": [
        1,
        1,
        null,
        1,
        1,
        null,
        1,
        2,
        null,
        null,
        1,
        1,
        1,
        null,
        null,
        1,
        1,
        null,
        null,
        1,
        1,
        1,
        null,
        null,
        1,
        3,
        3,
        null,
        null,
        1,
        1,
        null,
        null,
        1,
        1,
        null,
        1,
        null,
        null
      ],
      "/Users/student/Documents/Makers/JavaScript/MakersBNB/spec/features/login_spec.rb": [
        1,
        1,
        1,
        1,
        1,
        1,
        1,
        1,
        1,
        1,
        1,
        null,
        null
      ],
      "/Users/student/Documents/Makers/JavaScript/MakersBNB/spec/features/signup_spec.rb": [
        1,
        1,
        1,
        1,
        1,
        1,
        1,
        null,
        1,
        null,
        null
      ],
      "/Users/student/Documents/Makers/JavaScript/MakersBNB/spec/features/space_entry_spec.rb": [
        1,
        null,
        1,
        1,
        1,
        1,
        1,
        1,
        1,
        1,
        1,
        1,
        null,
        null
      ],
      "/Users/student/Documents/Makers/JavaScript/MakersBNB/spec/space_spec.rb": [
        null,
        null,
        null
      ],
      "/Users/student/Documents/Makers/JavaScript/MakersBNB/spec/user_spec.rb": [
        1,
        1,
        1,
        1,
        1,
        1,
        1,
        null,
        1,
        1,
        1,
        1,
        null,
        1,
        1,
        1,
        1,
        null,
        null,
        null,
        null,
        null
      ]
    },
    "timestamp": 1559662277
  }
}
